<?xml version="1.0" encoding="UTF-8"?>
<testsuite xmlns:xsi="http://www.w3.org/2001/XMLSchema-instance" xsi:noNamespaceSchemaLocation="https://maven.apache.org/surefire/maven-surefire-plugin/xsd/surefire-test-report-3.0.xsd" version="3.0" name="TestSuite" time="63.423" tests="39" errors="0" skipped="0" failures="0">
  <properties>
    <property name="java.specification.version" value="17"/>
    <property name="sun.jnu.encoding" value="UTF-8"/>
    <property name="java.class.path" value="/Users/asiomern/eclipse-workspace/firstMaven/target/test-classes:/Users/asiomern/eclipse-workspace/firstMaven/target/classes:/Users/asiomern/.m2/repository/org/seleniumhq/selenium/selenium-java/4.17.0/selenium-java-4.17.0.jar:/Users/asiomern/.m2/repository/org/seleniumhq/selenium/selenium-api/4.17.0/selenium-api-4.17.0.jar:/Users/asiomern/.m2/repository/org/seleniumhq/selenium/selenium-chrome-driver/4.17.0/selenium-chrome-driver-4.17.0.jar:/Users/asiomern/.m2/repository/com/google/auto/service/auto-service-annotations/1.1.1/auto-service-annotations-1.1.1.jar:/Users/asiomern/.m2/repository/org/seleniumhq/selenium/selenium-chromium-driver/4.17.0/selenium-chromium-driver-4.17.0.jar:/Users/asiomern/.m2/repository/org/seleniumhq/selenium/selenium-json/4.17.0/selenium-json-4.17.0.jar:/Users/asiomern/.m2/repository/org/seleniumhq/selenium/selenium-manager/4.17.0/selenium-manager-4.17.0.jar:/Users/asiomern/.m2/repository/org/seleniumhq/selenium/selenium-devtools-v119/4.17.0/selenium-devtools-v119-4.17.0.jar:/Users/asiomern/.m2/repository/org/seleniumhq/selenium/selenium-devtools-v120/4.17.0/selenium-devtools-v120-4.17.0.jar:/Users/asiomern/.m2/repository/org/seleniumhq/selenium/selenium-devtools-v121/4.17.0/selenium-devtools-v121-4.17.0.jar:/Users/asiomern/.m2/repository/org/seleniumhq/selenium/selenium-devtools-v85/4.17.0/selenium-devtools-v85-4.17.0.jar:/Users/asiomern/.m2/repository/org/seleniumhq/selenium/selenium-edge-driver/4.17.0/selenium-edge-driver-4.17.0.jar:/Users/asiomern/.m2/repository/org/seleniumhq/selenium/selenium-firefox-driver/4.17.0/selenium-firefox-driver-4.17.0.jar:/Users/asiomern/.m2/repository/org/seleniumhq/selenium/selenium-http/4.17.0/selenium-http-4.17.0.jar:/Users/asiomern/.m2/repository/dev/failsafe/failsafe/3.3.2/failsafe-3.3.2.jar:/Users/asiomern/.m2/repository/org/seleniumhq/selenium/selenium-ie-driver/4.17.0/selenium-ie-driver-4.17.0.jar:/Users/asiomern/.m2/repository/org/seleniumhq/selenium/selenium-remote-driver/4.17.0/selenium-remote-driver-4.17.0.jar:/Users/asiomern/.m2/repository/io/opentelemetry/semconv/opentelemetry-semconv/1.23.1-alpha/opentelemetry-semconv-1.23.1-alpha.jar:/Users/asiomern/.m2/repository/io/opentelemetry/opentelemetry-api/1.34.1/opentelemetry-api-1.34.1.jar:/Users/asiomern/.m2/repository/io/opentelemetry/opentelemetry-context/1.34.1/opentelemetry-context-1.34.1.jar:/Users/asiomern/.m2/repository/io/opentelemetry/opentelemetry-exporter-logging/1.34.1/opentelemetry-exporter-logging-1.34.1.jar:/Users/asiomern/.m2/repository/io/opentelemetry/opentelemetry-sdk-common/1.34.1/opentelemetry-sdk-common-1.34.1.jar:/Users/asiomern/.m2/repository/io/opentelemetry/opentelemetry-sdk-extension-autoconfigure-spi/1.34.1/opentelemetry-sdk-extension-autoconfigure-spi-1.34.1.jar:/Users/asiomern/.m2/repository/io/opentelemetry/opentelemetry-sdk-extension-autoconfigure/1.34.1/opentelemetry-sdk-extension-autoconfigure-1.34.1.jar:/Users/asiomern/.m2/repository/io/opentelemetry/opentelemetry-api-events/1.34.1-alpha/opentelemetry-api-events-1.34.1-alpha.jar:/Users/asiomern/.m2/repository/io/opentelemetry/opentelemetry-sdk-trace/1.34.1/opentelemetry-sdk-trace-1.34.1.jar:/Users/asiomern/.m2/repository/io/opentelemetry/opentelemetry-sdk/1.34.1/opentelemetry-sdk-1.34.1.jar:/Users/asiomern/.m2/repository/io/opentelemetry/opentelemetry-sdk-metrics/1.34.1/opentelemetry-sdk-metrics-1.34.1.jar:/Users/asiomern/.m2/repository/io/opentelemetry/opentelemetry-extension-incubator/1.34.1-alpha/opentelemetry-extension-incubator-1.34.1-alpha.jar:/Users/asiomern/.m2/repository/io/opentelemetry/opentelemetry-sdk-logs/1.34.1/opentelemetry-sdk-logs-1.34.1.jar:/Users/asiomern/.m2/repository/net/bytebuddy/byte-buddy/1.14.11/byte-buddy-1.14.11.jar:/Users/asiomern/.m2/repository/org/seleniumhq/selenium/selenium-os/4.17.0/selenium-os-4.17.0.jar:/Users/asiomern/.m2/repository/org/apache/commons/commons-exec/1.3/commons-exec-1.3.jar:/Users/asiomern/.m2/repository/org/seleniumhq/selenium/selenium-safari-driver/4.17.0/selenium-safari-driver-4.17.0.jar:/Users/asiomern/.m2/repository/org/seleniumhq/selenium/selenium-support/4.17.0/selenium-support-4.17.0.jar:/Users/asiomern/.m2/repository/org/aspectj/aspectjweaver/1.9.21/aspectjweaver-1.9.21.jar:/Users/asiomern/.m2/repository/org/testng/testng/7.9.0/testng-7.9.0.jar:/Users/asiomern/.m2/repository/org/slf4j/slf4j-api/1.7.36/slf4j-api-1.7.36.jar:/Users/asiomern/.m2/repository/com/beust/jcommander/1.82/jcommander-1.82.jar:/Users/asiomern/.m2/repository/org/webjars/jquery/3.7.1/jquery-3.7.1.jar:/Users/asiomern/.m2/repository/org/apache/poi/poi-ooxml/5.2.5/poi-ooxml-5.2.5.jar:/Users/asiomern/.m2/repository/org/apache/poi/poi/5.2.5/poi-5.2.5.jar:/Users/asiomern/.m2/repository/commons-codec/commons-codec/1.16.0/commons-codec-1.16.0.jar:/Users/asiomern/.m2/repository/org/apache/commons/commons-math3/3.6.1/commons-math3-3.6.1.jar:/Users/asiomern/.m2/repository/com/zaxxer/SparseBitSet/1.3/SparseBitSet-1.3.jar:/Users/asiomern/.m2/repository/org/apache/poi/poi-ooxml-lite/5.2.5/poi-ooxml-lite-5.2.5.jar:/Users/asiomern/.m2/repository/org/apache/xmlbeans/xmlbeans/5.2.0/xmlbeans-5.2.0.jar:/Users/asiomern/.m2/repository/org/apache/commons/commons-compress/1.25.0/commons-compress-1.25.0.jar:/Users/asiomern/.m2/repository/commons-io/commons-io/2.15.0/commons-io-2.15.0.jar:/Users/asiomern/.m2/repository/com/github/virtuald/curvesapi/1.08/curvesapi-1.08.jar:/Users/asiomern/.m2/repository/org/apache/logging/log4j/log4j-api/2.21.1/log4j-api-2.21.1.jar:/Users/asiomern/.m2/repository/org/apache/commons/commons-collections4/4.4/commons-collections4-4.4.jar:/Users/asiomern/.m2/repository/org/apache/commons/commons-lang3/3.12.0/commons-lang3-3.12.0.jar:/Users/asiomern/.m2/repository/io/rest-assured/rest-assured/5.4.0/rest-assured-5.4.0.jar:/Users/asiomern/.m2/repository/org/apache/groovy/groovy/4.0.16/groovy-4.0.16.jar:/Users/asiomern/.m2/repository/org/apache/groovy/groovy-xml/4.0.16/groovy-xml-4.0.16.jar:/Users/asiomern/.m2/repository/org/apache/httpcomponents/httpclient/4.5.13/httpclient-4.5.13.jar:/Users/asiomern/.m2/repository/org/apache/httpcomponents/httpcore/4.4.13/httpcore-4.4.13.jar:/Users/asiomern/.m2/repository/commons-logging/commons-logging/1.2/commons-logging-1.2.jar:/Users/asiomern/.m2/repository/org/apache/httpcomponents/httpmime/4.5.13/httpmime-4.5.13.jar:/Users/asiomern/.m2/repository/org/hamcrest/hamcrest/2.2/hamcrest-2.2.jar:/Users/asiomern/.m2/repository/org/ccil/cowan/tagsoup/tagsoup/1.2.1/tagsoup-1.2.1.jar:/Users/asiomern/.m2/repository/io/rest-assured/json-path/5.4.0/json-path-5.4.0.jar:/Users/asiomern/.m2/repository/org/apache/groovy/groovy-json/4.0.16/groovy-json-4.0.16.jar:/Users/asiomern/.m2/repository/io/rest-assured/rest-assured-common/5.4.0/rest-assured-common-5.4.0.jar:/Users/asiomern/.m2/repository/io/rest-assured/xml-path/5.4.0/xml-path-5.4.0.jar:/Users/asiomern/.m2/repository/com/github/javafaker/javafaker/1.0.2/javafaker-1.0.2.jar:/Users/asiomern/.m2/repository/org/yaml/snakeyaml/1.23/snakeyaml-1.23-android.jar:/Users/asiomern/.m2/repository/com/github/mifmif/generex/1.0.2/generex-1.0.2.jar:/Users/asiomern/.m2/repository/dk/brics/automaton/automaton/1.11-8/automaton-1.11-8.jar:/Users/asiomern/.m2/repository/com/github/automatedowl/allure-environment-writer/1.0.0/allure-environment-writer-1.0.0.jar:/Users/asiomern/.m2/repository/com/google/guava/guava/32.1.1-jre/guava-32.1.1-jre.jar:/Users/asiomern/.m2/repository/com/google/guava/failureaccess/1.0.1/failureaccess-1.0.1.jar:/Users/asiomern/.m2/repository/com/google/guava/listenablefuture/9999.0-empty-to-avoid-conflict-with-guava/listenablefuture-9999.0-empty-to-avoid-conflict-with-guava.jar:/Users/asiomern/.m2/repository/com/google/code/findbugs/jsr305/3.0.2/jsr305-3.0.2.jar:/Users/asiomern/.m2/repository/org/checkerframework/checker-qual/3.33.0/checker-qual-3.33.0.jar:/Users/asiomern/.m2/repository/com/google/errorprone/error_prone_annotations/2.18.0/error_prone_annotations-2.18.0.jar:/Users/asiomern/.m2/repository/com/google/j2objc/j2objc-annotations/2.8/j2objc-annotations-2.8.jar:/Users/asiomern/.m2/repository/org/slf4j/slf4j-simple/2.0.0/slf4j-simple-2.0.0.jar:/Users/asiomern/.m2/repository/io/github/bonigarcia/webdrivermanager/5.6.3/webdrivermanager-5.6.3.jar:/Users/asiomern/.m2/repository/com/google/code/gson/gson/2.10.1/gson-2.10.1.jar:/Users/asiomern/.m2/repository/com/github/docker-java/docker-java/3.3.4/docker-java-3.3.4.jar:/Users/asiomern/.m2/repository/com/github/docker-java/docker-java-core/3.3.4/docker-java-core-3.3.4.jar:/Users/asiomern/.m2/repository/com/github/docker-java/docker-java-api/3.3.4/docker-java-api-3.3.4.jar:/Users/asiomern/.m2/repository/com/fasterxml/jackson/core/jackson-annotations/2.10.3/jackson-annotations-2.10.3.jar:/Users/asiomern/.m2/repository/com/fasterxml/jackson/core/jackson-databind/2.10.3/jackson-databind-2.10.3.jar:/Users/asiomern/.m2/repository/com/fasterxml/jackson/core/jackson-core/2.10.3/jackson-core-2.10.3.jar:/Users/asiomern/.m2/repository/org/bouncycastle/bcpkix-jdk18on/1.76/bcpkix-jdk18on-1.76.jar:/Users/asiomern/.m2/repository/org/bouncycastle/bcprov-jdk18on/1.76/bcprov-jdk18on-1.76.jar:/Users/asiomern/.m2/repository/org/bouncycastle/bcutil-jdk18on/1.76/bcutil-jdk18on-1.76.jar:/Users/asiomern/.m2/repository/org/slf4j/jcl-over-slf4j/1.7.30/jcl-over-slf4j-1.7.30.jar:/Users/asiomern/.m2/repository/com/github/docker-java/docker-java-transport-httpclient5/3.3.4/docker-java-transport-httpclient5-3.3.4.jar:/Users/asiomern/.m2/repository/com/github/docker-java/docker-java-transport/3.3.4/docker-java-transport-3.3.4.jar:/Users/asiomern/.m2/repository/net/java/dev/jna/jna/5.13.0/jna-5.13.0.jar:/Users/asiomern/.m2/repository/org/brotli/dec/0.1.2/dec-0.1.2.jar:/Users/asiomern/.m2/repository/org/apache/httpcomponents/client5/httpclient5/5.2.1/httpclient5-5.2.1.jar:/Users/asiomern/.m2/repository/org/apache/httpcomponents/core5/httpcore5/5.2/httpcore5-5.2.jar:/Users/asiomern/.m2/repository/org/apache/httpcomponents/core5/httpcore5-h2/5.2/httpcore5-h2-5.2.jar:/Users/asiomern/.m2/repository/io/qameta/allure/allure-testng/2.25.0/allure-testng-2.25.0.jar:/Users/asiomern/.m2/repository/io/qameta/allure/allure-java-commons/2.25.0/allure-java-commons-2.25.0.jar:/Users/asiomern/.m2/repository/io/qameta/allure/allure-model/2.25.0/allure-model-2.25.0.jar:/Users/asiomern/.m2/repository/io/qameta/allure/allure-test-filter/2.25.0/allure-test-filter-2.25.0.jar:/Users/asiomern/.m2/repository/io/qameta/allure/allure-rest-assured/2.25.0/allure-rest-assured-2.25.0.jar:/Users/asiomern/.m2/repository/io/qameta/allure/allure-attachments/2.25.0/allure-attachments-2.25.0.jar:/Users/asiomern/.m2/repository/org/freemarker/freemarker/2.3.31/freemarker-2.3.31.jar:"/>
    <property name="java.vm.vendor" value="Eclipse Adoptium"/>
    <property name="sun.arch.data.model" value="64"/>
    <property name="java.vendor.url" value="https://adoptium.net/"/>
    <property name="user.timezone" value="Asia/Jerusalem"/>
    <property name="os.name" value="Mac OS X"/>
    <property name="java.vm.specification.version" value="17"/>
    <property name="sun.java.launcher" value="SUN_STANDARD"/>
    <property name="user.country" value="IL"/>
    <property name="allure.link.issue.pattern" value="https://example.org/issue/{}"/>
    <property name="sun.boot.library.path" value="/Library/Java/JavaVirtualMachines/temurin-17.jdk/Contents/Home/lib"/>
    <property name="sun.java.command" value="/Users/asiomern/eclipse-workspace/firstMaven/target/surefire/surefirebooter-20240204211655422_3.jar /Users/asiomern/eclipse-workspace/firstMaven/target/surefire 2024-02-04T21-16-55_346-jvmRun1 surefire-20240204211655422_1tmp surefire_0-20240204211655422_2tmp"/>
    <property name="http.nonProxyHosts" value="local|*.local|169.254/16|*.169.254/16"/>
    <property name="jdk.debug" value="release"/>
    <property name="surefire.test.class.path" value="/Users/asiomern/eclipse-workspace/firstMaven/target/test-classes:/Users/asiomern/eclipse-workspace/firstMaven/target/classes:/Users/asiomern/.m2/repository/org/seleniumhq/selenium/selenium-java/4.17.0/selenium-java-4.17.0.jar:/Users/asiomern/.m2/repository/org/seleniumhq/selenium/selenium-api/4.17.0/selenium-api-4.17.0.jar:/Users/asiomern/.m2/repository/org/seleniumhq/selenium/selenium-chrome-driver/4.17.0/selenium-chrome-driver-4.17.0.jar:/Users/asiomern/.m2/repository/com/google/auto/service/auto-service-annotations/1.1.1/auto-service-annotations-1.1.1.jar:/Users/asiomern/.m2/repository/org/seleniumhq/selenium/selenium-chromium-driver/4.17.0/selenium-chromium-driver-4.17.0.jar:/Users/asiomern/.m2/repository/org/seleniumhq/selenium/selenium-json/4.17.0/selenium-json-4.17.0.jar:/Users/asiomern/.m2/repository/org/seleniumhq/selenium/selenium-manager/4.17.0/selenium-manager-4.17.0.jar:/Users/asiomern/.m2/repository/org/seleniumhq/selenium/selenium-devtools-v119/4.17.0/selenium-devtools-v119-4.17.0.jar:/Users/asiomern/.m2/repository/org/seleniumhq/selenium/selenium-devtools-v120/4.17.0/selenium-devtools-v120-4.17.0.jar:/Users/asiomern/.m2/repository/org/seleniumhq/selenium/selenium-devtools-v121/4.17.0/selenium-devtools-v121-4.17.0.jar:/Users/asiomern/.m2/repository/org/seleniumhq/selenium/selenium-devtools-v85/4.17.0/selenium-devtools-v85-4.17.0.jar:/Users/asiomern/.m2/repository/org/seleniumhq/selenium/selenium-edge-driver/4.17.0/selenium-edge-driver-4.17.0.jar:/Users/asiomern/.m2/repository/org/seleniumhq/selenium/selenium-firefox-driver/4.17.0/selenium-firefox-driver-4.17.0.jar:/Users/asiomern/.m2/repository/org/seleniumhq/selenium/selenium-http/4.17.0/selenium-http-4.17.0.jar:/Users/asiomern/.m2/repository/dev/failsafe/failsafe/3.3.2/failsafe-3.3.2.jar:/Users/asiomern/.m2/repository/org/seleniumhq/selenium/selenium-ie-driver/4.17.0/selenium-ie-driver-4.17.0.jar:/Users/asiomern/.m2/repository/org/seleniumhq/selenium/selenium-remote-driver/4.17.0/selenium-remote-driver-4.17.0.jar:/Users/asiomern/.m2/repository/io/opentelemetry/semconv/opentelemetry-semconv/1.23.1-alpha/opentelemetry-semconv-1.23.1-alpha.jar:/Users/asiomern/.m2/repository/io/opentelemetry/opentelemetry-api/1.34.1/opentelemetry-api-1.34.1.jar:/Users/asiomern/.m2/repository/io/opentelemetry/opentelemetry-context/1.34.1/opentelemetry-context-1.34.1.jar:/Users/asiomern/.m2/repository/io/opentelemetry/opentelemetry-exporter-logging/1.34.1/opentelemetry-exporter-logging-1.34.1.jar:/Users/asiomern/.m2/repository/io/opentelemetry/opentelemetry-sdk-common/1.34.1/opentelemetry-sdk-common-1.34.1.jar:/Users/asiomern/.m2/repository/io/opentelemetry/opentelemetry-sdk-extension-autoconfigure-spi/1.34.1/opentelemetry-sdk-extension-autoconfigure-spi-1.34.1.jar:/Users/asiomern/.m2/repository/io/opentelemetry/opentelemetry-sdk-extension-autoconfigure/1.34.1/opentelemetry-sdk-extension-autoconfigure-1.34.1.jar:/Users/asiomern/.m2/repository/io/opentelemetry/opentelemetry-api-events/1.34.1-alpha/opentelemetry-api-events-1.34.1-alpha.jar:/Users/asiomern/.m2/repository/io/opentelemetry/opentelemetry-sdk-trace/1.34.1/opentelemetry-sdk-trace-1.34.1.jar:/Users/asiomern/.m2/repository/io/opentelemetry/opentelemetry-sdk/1.34.1/opentelemetry-sdk-1.34.1.jar:/Users/asiomern/.m2/repository/io/opentelemetry/opentelemetry-sdk-metrics/1.34.1/opentelemetry-sdk-metrics-1.34.1.jar:/Users/asiomern/.m2/repository/io/opentelemetry/opentelemetry-extension-incubator/1.34.1-alpha/opentelemetry-extension-incubator-1.34.1-alpha.jar:/Users/asiomern/.m2/repository/io/opentelemetry/opentelemetry-sdk-logs/1.34.1/opentelemetry-sdk-logs-1.34.1.jar:/Users/asiomern/.m2/repository/net/bytebuddy/byte-buddy/1.14.11/byte-buddy-1.14.11.jar:/Users/asiomern/.m2/repository/org/seleniumhq/selenium/selenium-os/4.17.0/selenium-os-4.17.0.jar:/Users/asiomern/.m2/repository/org/apache/commons/commons-exec/1.3/commons-exec-1.3.jar:/Users/asiomern/.m2/repository/org/seleniumhq/selenium/selenium-safari-driver/4.17.0/selenium-safari-driver-4.17.0.jar:/Users/asiomern/.m2/repository/org/seleniumhq/selenium/selenium-support/4.17.0/selenium-support-4.17.0.jar:/Users/asiomern/.m2/repository/org/aspectj/aspectjweaver/1.9.21/aspectjweaver-1.9.21.jar:/Users/asiomern/.m2/repository/org/testng/testng/7.9.0/testng-7.9.0.jar:/Users/asiomern/.m2/repository/org/slf4j/slf4j-api/1.7.36/slf4j-api-1.7.36.jar:/Users/asiomern/.m2/repository/com/beust/jcommander/1.82/jcommander-1.82.jar:/Users/asiomern/.m2/repository/org/webjars/jquery/3.7.1/jquery-3.7.1.jar:/Users/asiomern/.m2/repository/org/apache/poi/poi-ooxml/5.2.5/poi-ooxml-5.2.5.jar:/Users/asiomern/.m2/repository/org/apache/poi/poi/5.2.5/poi-5.2.5.jar:/Users/asiomern/.m2/repository/commons-codec/commons-codec/1.16.0/commons-codec-1.16.0.jar:/Users/asiomern/.m2/repository/org/apache/commons/commons-math3/3.6.1/commons-math3-3.6.1.jar:/Users/asiomern/.m2/repository/com/zaxxer/SparseBitSet/1.3/SparseBitSet-1.3.jar:/Users/asiomern/.m2/repository/org/apache/poi/poi-ooxml-lite/5.2.5/poi-ooxml-lite-5.2.5.jar:/Users/asiomern/.m2/repository/org/apache/xmlbeans/xmlbeans/5.2.0/xmlbeans-5.2.0.jar:/Users/asiomern/.m2/repository/org/apache/commons/commons-compress/1.25.0/commons-compress-1.25.0.jar:/Users/asiomern/.m2/repository/commons-io/commons-io/2.15.0/commons-io-2.15.0.jar:/Users/asiomern/.m2/repository/com/github/virtuald/curvesapi/1.08/curvesapi-1.08.jar:/Users/asiomern/.m2/repository/org/apache/logging/log4j/log4j-api/2.21.1/log4j-api-2.21.1.jar:/Users/asiomern/.m2/repository/org/apache/commons/commons-collections4/4.4/commons-collections4-4.4.jar:/Users/asiomern/.m2/repository/org/apache/commons/commons-lang3/3.12.0/commons-lang3-3.12.0.jar:/Users/asiomern/.m2/repository/io/rest-assured/rest-assured/5.4.0/rest-assured-5.4.0.jar:/Users/asiomern/.m2/repository/org/apache/groovy/groovy/4.0.16/groovy-4.0.16.jar:/Users/asiomern/.m2/repository/org/apache/groovy/groovy-xml/4.0.16/groovy-xml-4.0.16.jar:/Users/asiomern/.m2/repository/org/apache/httpcomponents/httpclient/4.5.13/httpclient-4.5.13.jar:/Users/asiomern/.m2/repository/org/apache/httpcomponents/httpcore/4.4.13/httpcore-4.4.13.jar:/Users/asiomern/.m2/repository/commons-logging/commons-logging/1.2/commons-logging-1.2.jar:/Users/asiomern/.m2/repository/org/apache/httpcomponents/httpmime/4.5.13/httpmime-4.5.13.jar:/Users/asiomern/.m2/repository/org/hamcrest/hamcrest/2.2/hamcrest-2.2.jar:/Users/asiomern/.m2/repository/org/ccil/cowan/tagsoup/tagsoup/1.2.1/tagsoup-1.2.1.jar:/Users/asiomern/.m2/repository/io/rest-assured/json-path/5.4.0/json-path-5.4.0.jar:/Users/asiomern/.m2/repository/org/apache/groovy/groovy-json/4.0.16/groovy-json-4.0.16.jar:/Users/asiomern/.m2/repository/io/rest-assured/rest-assured-common/5.4.0/rest-assured-common-5.4.0.jar:/Users/asiomern/.m2/repository/io/rest-assured/xml-path/5.4.0/xml-path-5.4.0.jar:/Users/asiomern/.m2/repository/com/github/javafaker/javafaker/1.0.2/javafaker-1.0.2.jar:/Users/asiomern/.m2/repository/org/yaml/snakeyaml/1.23/snakeyaml-1.23-android.jar:/Users/asiomern/.m2/repository/com/github/mifmif/generex/1.0.2/generex-1.0.2.jar:/Users/asiomern/.m2/repository/dk/brics/automaton/automaton/1.11-8/automaton-1.11-8.jar:/Users/asiomern/.m2/repository/com/github/automatedowl/allure-environment-writer/1.0.0/allure-environment-writer-1.0.0.jar:/Users/asiomern/.m2/repository/com/google/guava/guava/32.1.1-jre/guava-32.1.1-jre.jar:/Users/asiomern/.m2/repository/com/google/guava/failureaccess/1.0.1/failureaccess-1.0.1.jar:/Users/asiomern/.m2/repository/com/google/guava/listenablefuture/9999.0-empty-to-avoid-conflict-with-guava/listenablefuture-9999.0-empty-to-avoid-conflict-with-guava.jar:/Users/asiomern/.m2/repository/com/google/code/findbugs/jsr305/3.0.2/jsr305-3.0.2.jar:/Users/asiomern/.m2/repository/org/checkerframework/checker-qual/3.33.0/checker-qual-3.33.0.jar:/Users/asiomern/.m2/repository/com/google/errorprone/error_prone_annotations/2.18.0/error_prone_annotations-2.18.0.jar:/Users/asiomern/.m2/repository/com/google/j2objc/j2objc-annotations/2.8/j2objc-annotations-2.8.jar:/Users/asiomern/.m2/repository/org/slf4j/slf4j-simple/2.0.0/slf4j-simple-2.0.0.jar:/Users/asiomern/.m2/repository/io/github/bonigarcia/webdrivermanager/5.6.3/webdrivermanager-5.6.3.jar:/Users/asiomern/.m2/repository/com/google/code/gson/gson/2.10.1/gson-2.10.1.jar:/Users/asiomern/.m2/repository/com/github/docker-java/docker-java/3.3.4/docker-java-3.3.4.jar:/Users/asiomern/.m2/repository/com/github/docker-java/docker-java-core/3.3.4/docker-java-core-3.3.4.jar:/Users/asiomern/.m2/repository/com/github/docker-java/docker-java-api/3.3.4/docker-java-api-3.3.4.jar:/Users/asiomern/.m2/repository/com/fasterxml/jackson/core/jackson-annotations/2.10.3/jackson-annotations-2.10.3.jar:/Users/asiomern/.m2/repository/com/fasterxml/jackson/core/jackson-databind/2.10.3/jackson-databind-2.10.3.jar:/Users/asiomern/.m2/repository/com/fasterxml/jackson/core/jackson-core/2.10.3/jackson-core-2.10.3.jar:/Users/asiomern/.m2/repository/org/bouncycastle/bcpkix-jdk18on/1.76/bcpkix-jdk18on-1.76.jar:/Users/asiomern/.m2/repository/org/bouncycastle/bcprov-jdk18on/1.76/bcprov-jdk18on-1.76.jar:/Users/asiomern/.m2/repository/org/bouncycastle/bcutil-jdk18on/1.76/bcutil-jdk18on-1.76.jar:/Users/asiomern/.m2/repository/org/slf4j/jcl-over-slf4j/1.7.30/jcl-over-slf4j-1.7.30.jar:/Users/asiomern/.m2/repository/com/github/docker-java/docker-java-transport-httpclient5/3.3.4/docker-java-transport-httpclient5-3.3.4.jar:/Users/asiomern/.m2/repository/com/github/docker-java/docker-java-transport/3.3.4/docker-java-transport-3.3.4.jar:/Users/asiomern/.m2/repository/net/java/dev/jna/jna/5.13.0/jna-5.13.0.jar:/Users/asiomern/.m2/repository/org/brotli/dec/0.1.2/dec-0.1.2.jar:/Users/asiomern/.m2/repository/org/apache/httpcomponents/client5/httpclient5/5.2.1/httpclient5-5.2.1.jar:/Users/asiomern/.m2/repository/org/apache/httpcomponents/core5/httpcore5/5.2/httpcore5-5.2.jar:/Users/asiomern/.m2/repository/org/apache/httpcomponents/core5/httpcore5-h2/5.2/httpcore5-h2-5.2.jar:/Users/asiomern/.m2/repository/io/qameta/allure/allure-testng/2.25.0/allure-testng-2.25.0.jar:/Users/asiomern/.m2/repository/io/qameta/allure/allure-java-commons/2.25.0/allure-java-commons-2.25.0.jar:/Users/asiomern/.m2/repository/io/qameta/allure/allure-model/2.25.0/allure-model-2.25.0.jar:/Users/asiomern/.m2/repository/io/qameta/allure/allure-test-filter/2.25.0/allure-test-filter-2.25.0.jar:/Users/asiomern/.m2/repository/io/qameta/allure/allure-rest-assured/2.25.0/allure-rest-assured-2.25.0.jar:/Users/asiomern/.m2/repository/io/qameta/allure/allure-attachments/2.25.0/allure-attachments-2.25.0.jar:/Users/asiomern/.m2/repository/org/freemarker/freemarker/2.3.31/freemarker-2.3.31.jar:"/>
    <property name="allure.results.directory" value="/Users/asiomern/eclipse-workspace/firstMaven/target/allure-results"/>
    <property name="sun.cpu.endian" value="little"/>
    <property name="user.home" value="/Users/asiomern"/>
    <property name="user.language" value="en"/>
    <property name="java.specification.vendor" value="Oracle Corporation"/>
    <property name="java.version.date" value="2023-10-17"/>
    <property name="java.home" value="/Library/Java/JavaVirtualMachines/temurin-17.jdk/Contents/Home"/>
    <property name="testng.dtd.http" value="true"/>
    <property name="file.separator" value="/"/>
    <property name="allure.link.tms.pattern" value="https://example.org/tms/{}"/>
    <property name="basedir" value="/Users/asiomern/eclipse-workspace/firstMaven"/>
    <property name="java.vm.compressedOopsMode" value="Zero based"/>
    <property name="line.separator" value="&#10;"/>
    <property name="java.vm.specification.vendor" value="Oracle Corporation"/>
    <property name="java.specification.name" value="Java Platform API Specification"/>
    <property name="surefire.real.class.path" value="/Users/asiomern/eclipse-workspace/firstMaven/target/surefire/surefirebooter-20240204211655422_3.jar"/>
    <property name="sun.management.compiler" value="HotSpot 64-Bit Tiered Compilers"/>
    <property name="ftp.nonProxyHosts" value="local|*.local|169.254/16|*.169.254/16"/>
    <property name="java.runtime.version" value="17.0.9+9"/>
    <property name="user.name" value="asiomern"/>
    <property name="path.separator" value=":"/>
    <property name="os.version" value="14.2.1"/>
    <property name="java.runtime.name" value="OpenJDK Runtime Environment"/>
    <property name="file.encoding" value="UTF-8"/>
    <property name="java.vm.name" value="OpenJDK 64-Bit Server VM"/>
    <property name="java.vendor.version" value="Temurin-17.0.9+9"/>
    <property name="localRepository" value="/Users/asiomern/.m2/repository"/>
    <property name="java.vendor.url.bug" value="https://github.com/adoptium/adoptium-support/issues"/>
    <property name="java.io.tmpdir" value="/var/folders/69/bz5zmg7n3hx5t5t532hzb9880000gn/T/"/>
    <property name="java.version" value="17.0.9"/>
    <property name="user.dir" value="/Users/asiomern/eclipse-workspace/firstMaven"/>
    <property name="os.arch" value="aarch64"/>
    <property name="java.vm.specification.name" value="Java Virtual Machine Specification"/>
    <property name="native.encoding" value="UTF-8"/>
    <property name="java.library.path" value="/Users/asiomern/Library/Java/Extensions:/Library/Java/Extensions:/Network/Library/Java/Extensions:/System/Library/Java/Extensions:/usr/lib/java:."/>
    <property name="java.vm.info" value="mixed mode"/>
    <property name="java.vendor" value="Eclipse Adoptium"/>
    <property name="java.vm.version" value="17.0.9+9"/>
    <property name="sun.io.unicode.encoding" value="UnicodeBig"/>
    <property name="socksNonProxyHosts" value="local|*.local|169.254/16|*.169.254/16"/>
    <property name="java.class.version" value="61.0"/>
  </properties>
  <testcase name="tc_01_validInfo" classname="tests.TestCheckOutPage" time="0.787">
    <system-err><![CDATA[SLF4J: Failed to load class "org.slf4j.impl.StaticLoggerBinder".
SLF4J: Defaulting to no-operation (NOP) logger implementation
SLF4J: See http://www.slf4j.org/codes.html#StaticLoggerBinder for further details.
Feb 04, 2024 9:16:57 PM org.openqa.selenium.manager.SeleniumManager lambda$runCommand$1
WARNING: The chromedriver version (120.0.6099.109) detected in PATH at /usr/local/bin/chromedriver might not be compatible with the detected chrome version (121.0.6167.139); currently, chromedriver 121.0.6167.85 is recommended for chrome 121.*, so it is advised to delete the driver in PATH and retry
]]></system-err>
  </testcase>
  <testcase name="tc_02_blankFirstName" classname="tests.TestCheckOutPage" time="0.465"/>
  <testcase name="tc_03_blankLastName" classname="tests.TestCheckOutPage" time="0.336"/>
  <testcase name="tc_04_blankPostalCode" classname="tests.TestCheckOutPage" time="0.311"/>
  <testcase name="tc_01_enterAboutPage" classname="tests.TestMenu" time="3.491">
    <system-err><![CDATA[Feb 04, 2024 9:17:02 PM org.openqa.selenium.manager.SeleniumManager lambda$runCommand$1
WARNING: The chromedriver version (120.0.6099.109) detected in PATH at /usr/local/bin/chromedriver might not be compatible with the detected chrome version (121.0.6167.139); currently, chromedriver 121.0.6167.85 is recommended for chrome 121.*, so it is advised to delete the driver in PATH and retry
]]></system-err>
  </testcase>
  <testcase name="tc_02_backToAllItems" classname="tests.TestMenu" time="0.673"/>
  <testcase name="tc_03_enterToCartPage" classname="tests.TestMenu" time="0.046"/>
  <testcase name="tc_04_logOut" classname="tests.TestMenu" time="0.586"/>
  <testcase name="tc_01_addToCart" classname="tests.TestProductsPage" time="0.382">
    <system-err><![CDATA[Feb 04, 2024 9:17:09 PM org.openqa.selenium.manager.SeleniumManager lambda$runCommand$1
WARNING: The chromedriver version (120.0.6099.109) detected in PATH at /usr/local/bin/chromedriver might not be compatible with the detected chrome version (121.0.6167.139); currently, chromedriver 121.0.6167.85 is recommended for chrome 121.*, so it is advised to delete the driver in PATH and retry
]]></system-err>
  </testcase>
  <testcase name="tc_02_removeFromCart" classname="tests.TestProductsPage" time="0.127"/>
  <testcase name="tc_03_productPage" classname="tests.TestProductsPage" time="0.106"/>
  <testcase name="tc_04_sortAtoZ" classname="tests.TestProductsPage" time="0.588"/>
  <testcase name="tc_05_sortZtoA" classname="tests.TestProductsPage" time="0.594"/>
  <testcase name="tc_06_sortLowtoHigh" classname="tests.TestProductsPage" time="0.59"/>
  <testcase name="tc_07_sortHightoLow" classname="tests.TestProductsPage" time="0.583"/>
  <testcase name="tc_01_backToProductsPage" classname="tests.TestProductPage" time="0.369">
    <system-err><![CDATA[Feb 04, 2024 9:17:15 PM org.openqa.selenium.manager.SeleniumManager lambda$runCommand$1
WARNING: The chromedriver version (120.0.6099.109) detected in PATH at /usr/local/bin/chromedriver might not be compatible with the detected chrome version (121.0.6167.139); currently, chromedriver 121.0.6167.85 is recommended for chrome 121.*, so it is advised to delete the driver in PATH and retry
]]></system-err>
  </testcase>
  <testcase name="tc_02_addToCart" classname="tests.TestProductPage" time="0.123"/>
  <testcase name="tc_03_removeFromCart" classname="tests.TestProductPage" time="0.056"/>
  <testcase name="tc_04_enterCartPage" classname="tests.TestProductPage" time="0.036"/>
  <testcase name="clickCancel" classname="tests.TestOverViewPage" time="0.657">
    <system-err><![CDATA[Feb 04, 2024 9:17:18 PM org.openqa.selenium.manager.SeleniumManager lambda$runCommand$1
WARNING: The chromedriver version (120.0.6099.109) detected in PATH at /usr/local/bin/chromedriver might not be compatible with the detected chrome version (121.0.6167.139); currently, chromedriver 121.0.6167.85 is recommended for chrome 121.*, so it is advised to delete the driver in PATH and retry
]]></system-err>
  </testcase>
  <testcase name="clickFinish" classname="tests.TestOverViewPage" time="0.354"/>
  <testcase name="clickOnProduct" classname="tests.TestOverViewPage" time="1.073"/>
  <testcase name="tc_01_checkOutEmptyCart" classname="tests.TestCartPage" time="0.314">
    <system-err><![CDATA[Feb 04, 2024 9:17:23 PM org.openqa.selenium.manager.SeleniumManager lambda$runCommand$1
WARNING: The chromedriver version (120.0.6099.109) detected in PATH at /usr/local/bin/chromedriver might not be compatible with the detected chrome version (121.0.6167.139); currently, chromedriver 121.0.6167.85 is recommended for chrome 121.*, so it is advised to delete the driver in PATH and retry
]]></system-err>
  </testcase>
  <testcase name="tc_02_continueShopping" classname="tests.TestCartPage" time="0.057"/>
  <testcase name="tc_03_removeProduct" classname="tests.TestCartPage" time="0.155"/>
  <testcase name="tc_04_enterProductPage" classname="tests.TestCartPage" time="0.156"/>
  <testcase name="tc_01_blankUserNameField" classname="tests.TestLogin" time="0.311">
    <system-err><![CDATA[Feb 04, 2024 9:17:26 PM org.openqa.selenium.manager.SeleniumManager lambda$runCommand$1
WARNING: The chromedriver version (120.0.6099.109) detected in PATH at /usr/local/bin/chromedriver might not be compatible with the detected chrome version (121.0.6167.139); currently, chromedriver 121.0.6167.85 is recommended for chrome 121.*, so it is advised to delete the driver in PATH and retry
]]></system-err>
  </testcase>
  <testcase name="tc_02_blankPasswordField" classname="tests.TestLogin" time="0.135"/>
  <testcase name="tc_03_wrongPassLogin" classname="tests.TestLogin" time="0.178"/>
  <testcase name="tc_04_wrongUserNameLogin" classname="tests.TestLogin" time="0.169"/>
  <testcase name="tc_05_wrongPassAndUserName" classname="tests.TestLogin" time="0.151"/>
  <testcase name="tc_06_capitalLettersLogin" classname="tests.TestLogin" time="0.158"/>
  <testcase name="tc_07_validLogin" classname="tests.TestLogin" time="0.18"/>
  <testcase name="tc_01_linkedin" classname="tests.TestFooterSocialMedia" time="2.376">
    <system-err><![CDATA[Feb 04, 2024 9:17:30 PM org.openqa.selenium.manager.SeleniumManager lambda$runCommand$1
WARNING: The chromedriver version (120.0.6099.109) detected in PATH at /usr/local/bin/chromedriver might not be compatible with the detected chrome version (121.0.6167.139); currently, chromedriver 121.0.6167.85 is recommended for chrome 121.*, so it is advised to delete the driver in PATH and retry
]]></system-err>
  </testcase>
  <testcase name="tc_02_facebook" classname="tests.TestFooterSocialMedia" time="2.117"/>
  <testcase name="tc_03_twitter" classname="tests.TestFooterSocialMedia" time="6.377"/>
  <testcase name="backHome" classname="tests.TestThankYouPage" time="0.682">
    <system-err><![CDATA[Feb 04, 2024 9:17:43 PM org.openqa.selenium.manager.SeleniumManager lambda$runCommand$1
WARNING: The chromedriver version (120.0.6099.109) detected in PATH at /usr/local/bin/chromedriver might not be compatible with the detected chrome version (121.0.6167.139); currently, chromedriver 121.0.6167.85 is recommended for chrome 121.*, so it is advised to delete the driver in PATH and retry
]]></system-err>
  </testcase>
  <testcase name="tc_01_tryItFree" classname="tests.TestAboutPage" time="8.693">
    <system-err><![CDATA[Feb 04, 2024 9:17:46 PM org.openqa.selenium.manager.SeleniumManager lambda$runCommand$1
WARNING: The chromedriver version (120.0.6099.109) detected in PATH at /usr/local/bin/chromedriver might not be compatible with the detected chrome version (121.0.6167.139); currently, chromedriver 121.0.6167.85 is recommended for chrome 121.*, so it is advised to delete the driver in PATH and retry
]]></system-err>
  </testcase>
  <testcase name="tc_02_requestAdemo" classname="tests.TestAboutPage" time="1.343"/>
</testsuite>