<?xml version="1.0" encoding="UTF-8"?>
<!-- Generated by org.testng.reporters.JUnitReportReporter -->
<testsuite hostname="Asis-Air.lan" failures="0" tests="4" name="tests.TestCheckOutPage" time="1.847" errors="0" timestamp="2024-02-04T21:17:59 IST" skipped="0">
  <testcase classname="tests.TestCheckOutPage" name="tc_04_blankPostalCode" time="0.311"/>
  <testcase classname="tests.TestCheckOutPage" name="tc_02_blankFirstName" time="0.463"/>
  <testcase classname="tests.TestCheckOutPage" name="tc_03_blankLastName" time="0.335"/>
  <testcase classname="tests.TestCheckOutPage" name="tc_01_validInfo" time="0.738"/>
</testsuite> <!-- tests.TestCheckOutPage -->
