<?xml version="1.0" encoding="UTF-8"?>
<!-- Generated by org.testng.reporters.JUnitReportReporter -->
<testsuite hostname="Asis-Air.lan" failures="0" tests="4" name="tests.TestCartPage" time="0.680" errors="0" timestamp="2024-02-04T21:17:59 IST" skipped="0">
  <testcase classname="tests.TestCartPage" name="tc_03_removeProduct" time="0.154"/>
  <testcase classname="tests.TestCartPage" name="tc_02_continueShopping" time="0.057"/>
  <testcase classname="tests.TestCartPage" name="tc_01_checkOutEmptyCart" time="0.314"/>
  <testcase classname="tests.TestCartPage" name="tc_04_enterProductPage" time="0.155"/>
</testsuite> <!-- tests.TestCartPage -->
