<?xml version="1.0" encoding="UTF-8"?>
<!-- Generated by org.testng.reporters.JUnitReportReporter -->
<testsuite hostname="Asis-Air.lan" failures="0" tests="7" name="tests.TestLogin" time="1.279" errors="0" timestamp="2024-02-04T21:17:59 IST" skipped="0">
  <testcase classname="tests.TestLogin" name="tc_02_blankPasswordField" time="0.135"/>
  <testcase classname="tests.TestLogin" name="tc_06_capitalLettersLogin" time="0.157"/>
  <testcase classname="tests.TestLogin" name="tc_04_wrongUserNameLogin" time="0.168"/>
  <testcase classname="tests.TestLogin" name="tc_07_validLogin" time="0.180"/>
  <testcase classname="tests.TestLogin" name="tc_03_wrongPassLogin" time="0.177"/>
  <testcase classname="tests.TestLogin" name="tc_01_blankUserNameField" time="0.312"/>
  <testcase classname="tests.TestLogin" name="tc_05_wrongPassAndUserName" time="0.150"/>
</testsuite> <!-- tests.TestLogin -->
