<?xml version="1.0" encoding="UTF-8"?>
<!-- Generated by org.testng.reporters.JUnitReportReporter -->
<testsuite hostname="Asis-Air.lan" failures="0" tests="1" name="tests.TestThankYouPage" time="0.681" errors="0" timestamp="2024-02-04T21:17:59 IST" skipped="0">
  <testcase classname="tests.TestThankYouPage" name="backHome" time="0.681"/>
</testsuite> <!-- tests.TestThankYouPage -->
