<?xml version="1.0" encoding="UTF-8"?>
<!-- Generated by org.testng.reporters.JUnitReportReporter -->
<testsuite hostname="Asis-Air.lan" failures="0" tests="4" name="tests.TestProductPage" time="0.580" errors="0" timestamp="2024-02-04T21:17:59 IST" skipped="0">
  <testcase classname="tests.TestProductPage" name="tc_02_addToCart" time="0.123"/>
  <testcase classname="tests.TestProductPage" name="tc_04_enterCartPage" time="0.035"/>
  <testcase classname="tests.TestProductPage" name="tc_01_backToProductsPage" time="0.366"/>
  <testcase classname="tests.TestProductPage" name="tc_03_removeFromCart" time="0.056"/>
</testsuite> <!-- tests.TestProductPage -->
