<?xml version="1.0" encoding="UTF-8"?>
<!-- Generated by org.testng.reporters.JUnitReportReporter -->
<testsuite hostname="Asis-Air.lan" failures="0" tests="7" name="tests.TestProductsPage" time="2.963" errors="0" timestamp="2024-02-04T21:17:59 IST" skipped="0">
  <testcase classname="tests.TestProductsPage" name="tc_03_productPage" time="0.105"/>
  <testcase classname="tests.TestProductsPage" name="tc_07_sortHightoLow" time="0.582"/>
  <testcase classname="tests.TestProductsPage" name="tc_01_addToCart" time="0.381"/>
  <testcase classname="tests.TestProductsPage" name="tc_02_removeFromCart" time="0.126"/>
  <testcase classname="tests.TestProductsPage" name="tc_04_sortAtoZ" time="0.587"/>
  <testcase classname="tests.TestProductsPage" name="tc_06_sortLowtoHigh" time="0.589"/>
  <testcase classname="tests.TestProductsPage" name="tc_05_sortZtoA" time="0.593"/>
</testsuite> <!-- tests.TestProductsPage -->
