<?xml version="1.0" encoding="UTF-8"?>
<!-- Generated by org.testng.reporters.JUnitReportReporter -->
<testsuite hostname="Asis-Air.lan" failures="0" tests="3" name="tests.TestFooterSocialMedia" time="10.868" errors="0" timestamp="2024-02-04T21:17:59 IST" skipped="0">
  <testcase classname="tests.TestFooterSocialMedia" name="tc_02_facebook" time="2.117"/>
  <testcase classname="tests.TestFooterSocialMedia" name="tc_03_twitter" time="6.376"/>
  <testcase classname="tests.TestFooterSocialMedia" name="tc_01_linkedin" time="2.375"/>
</testsuite> <!-- tests.TestFooterSocialMedia -->
