<?xml version="1.0" encoding="UTF-8"?>
<!-- Generated by org.testng.reporters.JUnitReportReporter -->
<testsuite hostname="Asis-Air.lan" failures="0" tests="2" name="tests.TestAboutPage" time="10.035" errors="0" timestamp="2024-02-04T21:17:59 IST" skipped="0">
  <testcase classname="tests.TestAboutPage" name="tc_01_tryItFree" time="8.693"/>
  <testcase classname="tests.TestAboutPage" name="tc_02_requestAdemo" time="1.342"/>
</testsuite> <!-- tests.TestAboutPage -->
