<?xml version="1.0" encoding="UTF-8"?>
<!-- Generated by org.testng.reporters.JUnitReportReporter -->
<testsuite hostname="Asis-Air.lan" failures="0" tests="3" name="tests.TestOverViewPage" time="2.083" errors="0" timestamp="2024-02-04T21:17:59 IST" skipped="0">
  <testcase classname="tests.TestOverViewPage" name="clickFinish" time="0.355"/>
  <testcase classname="tests.TestOverViewPage" name="clickOnProduct" time="1.072"/>
  <testcase classname="tests.TestOverViewPage" name="clickCancel" time="0.656"/>
</testsuite> <!-- tests.TestOverViewPage -->
