<?xml version="1.0" encoding="UTF-8"?>
<!-- Generated by org.testng.reporters.JUnitReportReporter -->
<testsuite hostname="Asis-Air.lan" failures="0" tests="4" name="tests.TestMenu" time="4.794" errors="0" timestamp="2024-02-04T21:17:59 IST" skipped="0">
  <testcase classname="tests.TestMenu" name="tc_02_backToAllItems" time="0.672"/>
  <testcase classname="tests.TestMenu" name="tc_01_enterAboutPage" time="3.491"/>
  <testcase classname="tests.TestMenu" name="tc_04_logOut" time="0.586"/>
  <testcase classname="tests.TestMenu" name="tc_03_enterToCartPage" time="0.045"/>
</testsuite> <!-- tests.TestMenu -->
